[debug] [2021-04-05T17:53:15.518Z] ----------------------------------------------------------------------
[debug] [2021-04-05T17:53:15.522Z] Command:       C:\Program Files\nodejs\node.exe C:\Users\Damaksan\AppData\Roaming\npm\node_modules\firebase-tools\lib\bin\firebase.js init
[debug] [2021-04-05T17:53:15.522Z] CLI Version:   9.8.0
[debug] [2021-04-05T17:53:15.522Z] Platform:      win32
[debug] [2021-04-05T17:53:15.522Z] Node Version:  v14.15.0
[debug] [2021-04-05T17:53:15.524Z] Time:          Mon Apr 05 2021 19:53:15 GMT+0200 (Central European Summer Time)
[debug] [2021-04-05T17:53:15.524Z] ----------------------------------------------------------------------
[debug] 
[debug] [2021-04-05T17:53:15.533Z] > command requires scopes: ["email","openid","https://www.googleapis.com/auth/cloudplatformprojects.readonly","https://www.googleapis.com/auth/firebase","https://www.googleapis.com/auth/cloud-platform"]
[debug] [2021-04-05T17:53:15.534Z] > authorizing via signed-in user
[info] 
     ######## #### ########  ######## ########     ###     ######  ########
     ##        ##  ##     ## ##       ##     ##  ##   ##  ##       ##
     ######    ##  ########  ######   ########  #########  ######  ######
     ##        ##  ##    ##  ##       ##     ## ##     ##       ## ##
     ##       #### ##     ## ######## ########  ##     ##  ######  ########

You're about to initialize a Firebase project in this directory:

  C:\Users\Damaksan\Desktop\portfolio

Before we get started, keep in mind:

  * You are initializing in an existing Firebase project directory

[info] 
=== Project Setup
[info] 
[info] First, let's associate this project directory with a Firebase project.
[info] You can create multiple project aliases by running firebase use --add, 
[info] but for now we'll just set up a default project.
[info] 
[info] i  .firebaserc already has a default project, using emilkovacevic-website. 
[debug] [2021-04-05T17:53:44.429Z] > refreshing access token with scopes: []
[debug] [2021-04-05T17:53:44.430Z] >>> HTTP REQUEST POST https://www.googleapis.com/oauth2/v3/token  
 <request body omitted>
[debug] [2021-04-05T17:53:44.802Z] <<< HTTP RESPONSE 200 {"expires":"Mon, 01 Jan 1990 00:00:00 GMT","pragma":"no-cache","date":"Mon, 05 Apr 2021 17:53:44 GMT","cache-control":"no-cache, no-store, max-age=0, must-revalidate","content-type":"application/json; charset=utf-8","vary":"X-Origin, Referer, Origin,Accept-Encoding","server":"scaffolding on HTTPServer2","x-xss-protection":"0","x-frame-options":"SAMEORIGIN","x-content-type-options":"nosniff","alt-svc":"h3-29=\":443\"; ma=2592000,h3-T051=\":443\"; ma=2592000,h3-Q050=\":443\"; ma=2592000,h3-Q046=\":443\"; ma=2592000,h3-Q043=\":443\"; ma=2592000,quic=\":443\"; ma=2592000; v=\"46,43\"","accept-ranges":"none","transfer-encoding":"chunked"}
[debug] [2021-04-05T17:53:44.816Z] >>> [apiv2][query] GET https://firebase.googleapis.com/v1beta1/projects/emilkovacevic-website [none]
[debug] [2021-04-05T17:53:45.292Z] <<< [apiv2][status] GET https://firebase.googleapis.com/v1beta1/projects/emilkovacevic-website 200
[debug] [2021-04-05T17:53:45.292Z] <<< [apiv2][body] GET https://firebase.googleapis.com/v1beta1/projects/emilkovacevic-website {"projectId":"emilkovacevic-website","projectNumber":"1096580233742","displayName":"emilkovacevic-website","name":"projects/emilkovacevic-website","resources":{"hostingSite":"emilkovacevic-website","realtimeDatabaseInstance":"emilkovacevic-website-default-rtdb","storageBucket":"emilkovacevic-website.appspot.com","locationId":"us-central"},"state":"ACTIVE"}
[info] 
=== Remoteconfig Setup
